<?xml version="1.0" encoding="UTF-8"?>
<testsuite name="Log in user in movie swiper application" tests="2" skipped="0" failures="0" errors="0" timestamp="2021-06-17T00:56:18" hostname="LAPTOP-0I0LHS1D" time="55.053">
  <properties/>
  <testcase name="Log in user in movie swiper app" classname="Log in user in movie swiper application" time="32.061"/>
  <testcase name="Log in guest user in movie swiper app" classname="Log in user in movie swiper application" time="22.992"/>
  <system-out><![CDATA[Feature from file:///C:/Users/NECSOFT/Documents/bddmovieswiper/src/test/resources/features/log_in_app.feature
Feature from file:///C:/Users/NECSOFT/Documents/bddmovieswiper/src/test/resources/features/log_in_app.feature
]]></system-out>
  <system-err><![CDATA[[Test worker] INFO  - 
 _____ _____ ____ _____   ____ _____  _    ____ _____ _____ ____  
|_   _| ____/ ___|_   _| / ___|_   _|/ \  |  _ \_   _| ____|  _ \ 
  | | |  _| \___ \ | |   \___ \ | | / _ \ | |_) || | |  _| | | | |
  | | | |___ ___) || |    ___) || |/ ___ \|  _ < | | | |___| |_| |
  |_| |_____|____/ |_|   |____/ |_/_/   \_\_| \_\|_| |_____|____/ 

Log in user in movie swiper app(log-in-user-in-movie-swiper-application;log-in-user-in-movie-swiper-app)
-------------------------------------------------------------------
jun 16, 2021 7:56:32 PM io.appium.java_client.remote.AppiumCommandExecutor$1 lambda$0
INFORMACIÓN: Detected dialect: W3C
[Test worker] INFO  - ?[92m
        __    _____ _____ ____ _____   ____   _    ____  ____  _____ ____  
  _     \ \  |_   _| ____/ ___|_   _| |  _ \ / \  / ___|/ ___|| ____|  _ \ 
 (_)_____| |   | | |  _| \___ \ | |   | |_) / _ \ \___ \\___ \|  _| | | | |
  _|_____| |   | | | |___ ___) || |   |  __/ ___ \ ___) |___) | |___| |_| |
 (_)     | |   |_| |_____|____/ |_|   |_| /_/   \_\____/|____/|_____|____/ 
        /_/                                                                

Log in user in movie swiper app
----------------------------------------------------------------------------?[0m
[Test worker] INFO  - 
 _____ _____ ____ _____   ____ _____  _    ____ _____ _____ ____  
|_   _| ____/ ___|_   _| / ___|_   _|/ \  |  _ \_   _| ____|  _ \ 
  | | |  _| \___ \ | |   \___ \ | | / _ \ | |_) || | |  _| | | | |
  | | | |___ ___) || |    ___) || |/ ___ \|  _ < | | | |___| |_| |
  |_| |_____|____/ |_|   |____/ |_/_/   \_\_| \_\|_| |_____|____/ 

Log in guest user in movie swiper app(log-in-user-in-movie-swiper-application;log-in-guest-user-in-movie-swiper-app)
-------------------------------------------------------------------
jun 16, 2021 7:57:03 PM io.appium.java_client.remote.AppiumCommandExecutor$1 lambda$0
INFORMACIÓN: Detected dialect: W3C
[Test worker] INFO  - ?[92m
        __    _____ _____ ____ _____   ____   _    ____  ____  _____ ____  
  _     \ \  |_   _| ____/ ___|_   _| |  _ \ / \  / ___|/ ___|| ____|  _ \ 
 (_)_____| |   | | |  _| \___ \ | |   | |_) / _ \ \___ \\___ \|  _| | | | |
  _|_____| |   | | | |___ ___) || |   |  __/ ___ \ ___) |___) | |___| |_| |
 (_)     | |   |_| |_____|____/ |_|   |_| /_/   \_\____/|____/|_____|____/ 
        /_/                                                                

Log in guest user in movie swiper app
----------------------------------------------------------------------------?[0m
]]></system-err>
</testsuite>
